{
    "/Users/davisena/Projects/BB/mobile/js-to-markdown/__tests__/mocks/mockFileWithCBAllTag.js": {
        "path": "/Users/davisena/Projects/BB/mobile/js-to-markdown/__tests__/mocks/mockFileWithCBAllTag.js",
        "statementMap": {
            "0": {
                "start": {
                    "line": 2,
                    "column": 2
                },
                "end": {
                    "line": 19,
                    "column": 5
                }
            },
            "1": {
                "start": {
                    "line": 21,
                    "column": 0
                },
                "end": {
                    "line": 21,
                    "column": 38
                }
            }
        },
        "fnMap": {},
        "branchMap": {},
        "s": {
            "0": 2,
            "1": 2
        },
        "f": {},
        "b": {},
        "_coverageSchema": "1a1c01bbd47fc00a2c39e90264f33305004495a9",
        "hash": "832c03ea966f7db4a91389d673b4c3e22fda5db2"
    },
    "/Users/davisena/Projects/BB/mobile/js-to-markdown/__tests__/mocks/mockFileWithCBAllTagResult_JSMD.js": {
        "path": "/Users/davisena/Projects/BB/mobile/js-to-markdown/__tests__/mocks/mockFileWithCBAllTagResult_JSMD.js",
        "statementMap": {
            "0": {
                "start": {
                    "line": 1,
                    "column": 35
                },
                "end": {
                    "line": 22,
                    "column": 1
                }
            },
            "1": {
                "start": {
                    "line": 24,
                    "column": 0
                },
                "end": {
                    "line": 24,
                    "column": 44
                }
            }
        },
        "fnMap": {},
        "branchMap": {},
        "s": {
            "0": 1,
            "1": 1
        },
        "f": {},
        "b": {},
        "_coverageSchema": "1a1c01bbd47fc00a2c39e90264f33305004495a9",
        "hash": "84b97fdd426f1d4f514ba9262908aae4372d7e44"
    },
    "/Users/davisena/Projects/BB/mobile/js-to-markdown/__tests__/mocks/mockFileWithCBAllTagResult_MD.js": {
        "path": "/Users/davisena/Projects/BB/mobile/js-to-markdown/__tests__/mocks/mockFileWithCBAllTagResult_MD.js",
        "statementMap": {
            "0": {
                "start": {
                    "line": 1,
                    "column": 35
                },
                "end": {
                    "line": 22,
                    "column": 1
                }
            },
            "1": {
                "start": {
                    "line": 24,
                    "column": 0
                },
                "end": {
                    "line": 24,
                    "column": 44
                }
            }
        },
        "fnMap": {},
        "branchMap": {},
        "s": {
            "0": 1,
            "1": 1
        },
        "f": {},
        "b": {},
        "_coverageSchema": "1a1c01bbd47fc00a2c39e90264f33305004495a9",
        "hash": "d915447f5aea28fb2078746720d6dd40f71794a1"
    },
    "/Users/davisena/Projects/BB/mobile/js-to-markdown/__tests__/mocks/mockFileWithCBsTags.js": {
        "path": "/Users/davisena/Projects/BB/mobile/js-to-markdown/__tests__/mocks/mockFileWithCBsTags.js",
        "statementMap": {
            "0": {
                "start": {
                    "line": 2,
                    "column": 2
                },
                "end": {
                    "line": 55,
                    "column": 7
                }
            },
            "1": {
                "start": {
                    "line": 57,
                    "column": 0
                },
                "end": {
                    "line": 57,
                    "column": 36
                }
            }
        },
        "fnMap": {},
        "branchMap": {},
        "s": {
            "0": 2,
            "1": 2
        },
        "f": {},
        "b": {},
        "_coverageSchema": "1a1c01bbd47fc00a2c39e90264f33305004495a9",
        "hash": "a7e03cbb86506298b12e7a413d9d8d73ce178073"
    },
    "/Users/davisena/Projects/BB/mobile/js-to-markdown/__tests__/mocks/mockFileWithCBsTagsProptypes.js": {
        "path": "/Users/davisena/Projects/BB/mobile/js-to-markdown/__tests__/mocks/mockFileWithCBsTagsProptypes.js",
        "statementMap": {
            "0": {
                "start": {
                    "line": 2,
                    "column": 2
                },
                "end": {
                    "line": 74,
                    "column": 7
                }
            },
            "1": {
                "start": {
                    "line": 76,
                    "column": 0
                },
                "end": {
                    "line": 76,
                    "column": 36
                }
            }
        },
        "fnMap": {},
        "branchMap": {},
        "s": {
            "0": 1,
            "1": 1
        },
        "f": {},
        "b": {},
        "_coverageSchema": "1a1c01bbd47fc00a2c39e90264f33305004495a9",
        "hash": "13e050cf0ff2288832f45b97b8b28790cd2b30ca"
    },
    "/Users/davisena/Projects/BB/mobile/js-to-markdown/__tests__/mocks/mockFileWithCBsTagsResult_JSMD.js": {
        "path": "/Users/davisena/Projects/BB/mobile/js-to-markdown/__tests__/mocks/mockFileWithCBsTagsResult_JSMD.js",
        "statementMap": {
            "0": {
                "start": {
                    "line": 1,
                    "column": 33
                },
                "end": {
                    "line": 34,
                    "column": 1
                }
            },
            "1": {
                "start": {
                    "line": 36,
                    "column": 0
                },
                "end": {
                    "line": 36,
                    "column": 42
                }
            }
        },
        "fnMap": {},
        "branchMap": {},
        "s": {
            "0": 1,
            "1": 1
        },
        "f": {},
        "b": {},
        "_coverageSchema": "1a1c01bbd47fc00a2c39e90264f33305004495a9",
        "hash": "93946b4b73003e6fa63b3b01500be1ca92749fe5"
    },
    "/Users/davisena/Projects/BB/mobile/js-to-markdown/__tests__/mocks/mockFileWithCBsTagsResult_MD.js": {
        "path": "/Users/davisena/Projects/BB/mobile/js-to-markdown/__tests__/mocks/mockFileWithCBsTagsResult_MD.js",
        "statementMap": {
            "0": {
                "start": {
                    "line": 1,
                    "column": 33
                },
                "end": {
                    "line": 34,
                    "column": 1
                }
            },
            "1": {
                "start": {
                    "line": 36,
                    "column": 0
                },
                "end": {
                    "line": 36,
                    "column": 42
                }
            }
        },
        "fnMap": {},
        "branchMap": {},
        "s": {
            "0": 1,
            "1": 1
        },
        "f": {},
        "b": {},
        "_coverageSchema": "1a1c01bbd47fc00a2c39e90264f33305004495a9",
        "hash": "9771f5c7f17f967649b4cd8cf2f863c6852bca7f"
    },
    "/Users/davisena/Projects/BB/mobile/js-to-markdown/__tests__/mocks/mockFileWithIgnoreTag.js": {
        "path": "/Users/davisena/Projects/BB/mobile/js-to-markdown/__tests__/mocks/mockFileWithIgnoreTag.js",
        "statementMap": {
            "0": {
                "start": {
                    "line": 2,
                    "column": 2
                },
                "end": {
                    "line": 19,
                    "column": 5
                }
            },
            "1": {
                "start": {
                    "line": 21,
                    "column": 0
                },
                "end": {
                    "line": 21,
                    "column": 39
                }
            }
        },
        "fnMap": {},
        "branchMap": {},
        "s": {
            "0": 2,
            "1": 2
        },
        "f": {},
        "b": {},
        "_coverageSchema": "1a1c01bbd47fc00a2c39e90264f33305004495a9",
        "hash": "c1c56b3f12c6c415ccfcb22b8f9ec3ea645412d4"
    },
    "/Users/davisena/Projects/BB/mobile/js-to-markdown/__tests__/mocks/mockFileWithoutTags.js": {
        "path": "/Users/davisena/Projects/BB/mobile/js-to-markdown/__tests__/mocks/mockFileWithoutTags.js",
        "statementMap": {
            "0": {
                "start": {
                    "line": 2,
                    "column": 2
                },
                "end": {
                    "line": 99,
                    "column": 8
                }
            },
            "1": {
                "start": {
                    "line": 101,
                    "column": 0
                },
                "end": {
                    "line": 101,
                    "column": 37
                }
            }
        },
        "fnMap": {},
        "branchMap": {},
        "s": {
            "0": 2,
            "1": 2
        },
        "f": {},
        "b": {},
        "_coverageSchema": "1a1c01bbd47fc00a2c39e90264f33305004495a9",
        "hash": "24ac247f3cdef174b02087f04df55fd286fce9e3"
    },
    "/Users/davisena/Projects/BB/mobile/js-to-markdown/__tests__/mocks/mockFileWithoutTagsResult_JSMD.js": {
        "path": "/Users/davisena/Projects/BB/mobile/js-to-markdown/__tests__/mocks/mockFileWithoutTagsResult_JSMD.js",
        "statementMap": {
            "0": {
                "start": {
                    "line": 1,
                    "column": 39
                },
                "end": {
                    "line": 101,
                    "column": 1
                }
            },
            "1": {
                "start": {
                    "line": 103,
                    "column": 0
                },
                "end": {
                    "line": 103,
                    "column": 48
                }
            }
        },
        "fnMap": {},
        "branchMap": {},
        "s": {
            "0": 1,
            "1": 1
        },
        "f": {},
        "b": {},
        "_coverageSchema": "1a1c01bbd47fc00a2c39e90264f33305004495a9",
        "hash": "1aceeb212bd2ae7459bac9c35ede8b71957bd8b8"
    },
    "/Users/davisena/Projects/BB/mobile/js-to-markdown/__tests__/mocks/mockFileWithoutTagsResult_MD.js": {
        "path": "/Users/davisena/Projects/BB/mobile/js-to-markdown/__tests__/mocks/mockFileWithoutTagsResult_MD.js",
        "statementMap": {
            "0": {
                "start": {
                    "line": 1,
                    "column": 37
                },
                "end": {
                    "line": 101,
                    "column": 1
                }
            },
            "1": {
                "start": {
                    "line": 103,
                    "column": 0
                },
                "end": {
                    "line": 103,
                    "column": 46
                }
            }
        },
        "fnMap": {},
        "branchMap": {},
        "s": {
            "0": 1,
            "1": 1
        },
        "f": {},
        "b": {},
        "_coverageSchema": "1a1c01bbd47fc00a2c39e90264f33305004495a9",
        "hash": "53ed3d670b3edbe989e2bf9b11719b5bae96e76b"
    },
    "/Users/davisena/Projects/BB/mobile/js-to-markdown/__tests__/mocks/mockPropTypes.js": {
        "path": "/Users/davisena/Projects/BB/mobile/js-to-markdown/__tests__/mocks/mockPropTypes.js",
        "statementMap": {
            "0": {
                "start": {
                    "line": 1,
                    "column": 22
                },
                "end": {
                    "line": 76,
                    "column": 1
                }
            },
            "1": {
                "start": {
                    "line": 78,
                    "column": 0
                },
                "end": {
                    "line": 78,
                    "column": 31
                }
            }
        },
        "fnMap": {},
        "branchMap": {},
        "s": {
            "0": 1,
            "1": 1
        },
        "f": {},
        "b": {},
        "_coverageSchema": "1a1c01bbd47fc00a2c39e90264f33305004495a9",
        "hash": "bc6af03638aa82b1a5422a162ebaed8783a98a3b"
    },
    "/Users/davisena/Projects/BB/mobile/js-to-markdown/__tests__/mocks/mockPropTypesResult.js": {
        "path": "/Users/davisena/Projects/BB/mobile/js-to-markdown/__tests__/mocks/mockPropTypesResult.js",
        "statementMap": {
            "0": {
                "start": {
                    "line": 1,
                    "column": 28
                },
                "end": {
                    "line": 25,
                    "column": 1
                }
            },
            "1": {
                "start": {
                    "line": 27,
                    "column": 0
                },
                "end": {
                    "line": 27,
                    "column": 37
                }
            }
        },
        "fnMap": {},
        "branchMap": {},
        "s": {
            "0": 1,
            "1": 1
        },
        "f": {},
        "b": {},
        "_coverageSchema": "1a1c01bbd47fc00a2c39e90264f33305004495a9",
        "hash": "6b54acafcbeeec606d82c7bc6caccc09a60ebc3f"
    },
    "/Users/davisena/Projects/BB/mobile/js-to-markdown/src/filterFileWithTags.js": {
        "path": "/Users/davisena/Projects/BB/mobile/js-to-markdown/src/filterFileWithTags.js",
        "statementMap": {
            "0": {
                "start": {
                    "line": 1,
                    "column": 13
                },
                "end": {
                    "line": 1,
                    "column": 40
                }
            },
            "1": {
                "start": {
                    "line": 2,
                    "column": 20
                },
                "end": {
                    "line": 2,
                    "column": 50
                }
            },
            "2": {
                "start": {
                    "line": 4,
                    "column": 27
                },
                "end": {
                    "line": 68,
                    "column": 1
                }
            },
            "3": {
                "start": {
                    "line": 5,
                    "column": 21
                },
                "end": {
                    "line": 10,
                    "column": 3
                }
            },
            "4": {
                "start": {
                    "line": 12,
                    "column": 27
                },
                "end": {
                    "line": 12,
                    "column": 50
                }
            },
            "5": {
                "start": {
                    "line": 14,
                    "column": 16
                },
                "end": {
                    "line": 20,
                    "column": 3
                }
            },
            "6": {
                "start": {
                    "line": 22,
                    "column": 2
                },
                "end": {
                    "line": 25,
                    "column": 3
                }
            },
            "7": {
                "start": {
                    "line": 23,
                    "column": 4
                },
                "end": {
                    "line": 23,
                    "column": 29
                }
            },
            "8": {
                "start": {
                    "line": 24,
                    "column": 4
                },
                "end": {
                    "line": 24,
                    "column": 22
                }
            },
            "9": {
                "start": {
                    "line": 27,
                    "column": 2
                },
                "end": {
                    "line": 31,
                    "column": 3
                }
            },
            "10": {
                "start": {
                    "line": 28,
                    "column": 4
                },
                "end": {
                    "line": 28,
                    "column": 30
                }
            },
            "11": {
                "start": {
                    "line": 29,
                    "column": 4
                },
                "end": {
                    "line": 29,
                    "column": 32
                }
            },
            "12": {
                "start": {
                    "line": 30,
                    "column": 4
                },
                "end": {
                    "line": 30,
                    "column": 61
                }
            },
            "13": {
                "start": {
                    "line": 33,
                    "column": 2
                },
                "end": {
                    "line": 54,
                    "column": 5
                }
            },
            "14": {
                "start": {
                    "line": 34,
                    "column": 4
                },
                "end": {
                    "line": 53,
                    "column": 5
                }
            },
            "15": {
                "start": {
                    "line": 35,
                    "column": 6
                },
                "end": {
                    "line": 35,
                    "column": 31
                }
            },
            "16": {
                "start": {
                    "line": 36,
                    "column": 6
                },
                "end": {
                    "line": 36,
                    "column": 56
                }
            },
            "17": {
                "start": {
                    "line": 37,
                    "column": 6
                },
                "end": {
                    "line": 37,
                    "column": 60
                }
            },
            "18": {
                "start": {
                    "line": 38,
                    "column": 11
                },
                "end": {
                    "line": 53,
                    "column": 5
                }
            },
            "19": {
                "start": {
                    "line": 39,
                    "column": 6
                },
                "end": {
                    "line": 39,
                    "column": 31
                }
            },
            "20": {
                "start": {
                    "line": 40,
                    "column": 6
                },
                "end": {
                    "line": 40,
                    "column": 31
                }
            },
            "21": {
                "start": {
                    "line": 41,
                    "column": 6
                },
                "end": {
                    "line": 41,
                    "column": 63
                }
            },
            "22": {
                "start": {
                    "line": 42,
                    "column": 11
                },
                "end": {
                    "line": 53,
                    "column": 5
                }
            },
            "23": {
                "start": {
                    "line": 43,
                    "column": 6
                },
                "end": {
                    "line": 43,
                    "column": 32
                }
            },
            "24": {
                "start": {
                    "line": 44,
                    "column": 6
                },
                "end": {
                    "line": 44,
                    "column": 61
                }
            },
            "25": {
                "start": {
                    "line": 45,
                    "column": 11
                },
                "end": {
                    "line": 53,
                    "column": 5
                }
            },
            "26": {
                "start": {
                    "line": 46,
                    "column": 6
                },
                "end": {
                    "line": 46,
                    "column": 64
                }
            },
            "27": {
                "start": {
                    "line": 47,
                    "column": 11
                },
                "end": {
                    "line": 53,
                    "column": 5
                }
            },
            "28": {
                "start": {
                    "line": 48,
                    "column": 6
                },
                "end": {
                    "line": 48,
                    "column": 56
                }
            },
            "29": {
                "start": {
                    "line": 49,
                    "column": 6
                },
                "end": {
                    "line": 49,
                    "column": 60
                }
            },
            "30": {
                "start": {
                    "line": 50,
                    "column": 11
                },
                "end": {
                    "line": 53,
                    "column": 5
                }
            },
            "31": {
                "start": {
                    "line": 51,
                    "column": 6
                },
                "end": {
                    "line": 51,
                    "column": 56
                }
            },
            "32": {
                "start": {
                    "line": 52,
                    "column": 6
                },
                "end": {
                    "line": 52,
                    "column": 65
                }
            },
            "33": {
                "start": {
                    "line": 56,
                    "column": 2
                },
                "end": {
                    "line": 61,
                    "column": 3
                }
            },
            "34": {
                "start": {
                    "line": 57,
                    "column": 4
                },
                "end": {
                    "line": 57,
                    "column": 33
                }
            },
            "35": {
                "start": {
                    "line": 59,
                    "column": 4
                },
                "end": {
                    "line": 59,
                    "column": 69
                }
            },
            "36": {
                "start": {
                    "line": 60,
                    "column": 4
                },
                "end": {
                    "line": 60,
                    "column": 64
                }
            },
            "37": {
                "start": {
                    "line": 63,
                    "column": 2
                },
                "end": {
                    "line": 65,
                    "column": 3
                }
            },
            "38": {
                "start": {
                    "line": 64,
                    "column": 4
                },
                "end": {
                    "line": 64,
                    "column": 59
                }
            },
            "39": {
                "start": {
                    "line": 67,
                    "column": 2
                },
                "end": {
                    "line": 67,
                    "column": 20
                }
            },
            "40": {
                "start": {
                    "line": 70,
                    "column": 25
                },
                "end": {
                    "line": 74,
                    "column": 1
                }
            },
            "41": {
                "start": {
                    "line": 71,
                    "column": 2
                },
                "end": {
                    "line": 73,
                    "column": 4
                }
            },
            "42": {
                "start": {
                    "line": 76,
                    "column": 37
                },
                "end": {
                    "line": 78,
                    "column": 1
                }
            },
            "43": {
                "start": {
                    "line": 77,
                    "column": 2
                },
                "end": {
                    "line": 77,
                    "column": 46
                }
            },
            "44": {
                "start": {
                    "line": 80,
                    "column": 35
                },
                "end": {
                    "line": 82,
                    "column": 1
                }
            },
            "45": {
                "start": {
                    "line": 81,
                    "column": 2
                },
                "end": {
                    "line": 81,
                    "column": 44
                }
            },
            "46": {
                "start": {
                    "line": 84,
                    "column": 30
                },
                "end": {
                    "line": 86,
                    "column": 1
                }
            },
            "47": {
                "start": {
                    "line": 85,
                    "column": 2
                },
                "end": {
                    "line": 85,
                    "column": 42
                }
            },
            "48": {
                "start": {
                    "line": 88,
                    "column": 42
                },
                "end": {
                    "line": 90,
                    "column": 1
                }
            },
            "49": {
                "start": {
                    "line": 89,
                    "column": 2
                },
                "end": {
                    "line": 89,
                    "column": 62
                }
            },
            "50": {
                "start": {
                    "line": 92,
                    "column": 26
                },
                "end": {
                    "line": 103,
                    "column": 1
                }
            },
            "51": {
                "start": {
                    "line": 93,
                    "column": 2
                },
                "end": {
                    "line": 102,
                    "column": 4
                }
            },
            "52": {
                "start": {
                    "line": 105,
                    "column": 0
                },
                "end": {
                    "line": 105,
                    "column": 36
                }
            }
        },
        "fnMap": {
            "0": {
                "name": "(anonymous_0)",
                "decl": {
                    "start": {
                        "line": 4,
                        "column": 27
                    },
                    "end": {
                        "line": 4,
                        "column": 28
                    }
                },
                "loc": {
                    "start": {
                        "line": 4,
                        "column": 41
                    },
                    "end": {
                        "line": 68,
                        "column": 1
                    }
                },
                "line": 4
            },
            "1": {
                "name": "(anonymous_1)",
                "decl": {
                    "start": {
                        "line": 33,
                        "column": 27
                    },
                    "end": {
                        "line": 33,
                        "column": 28
                    }
                },
                "loc": {
                    "start": {
                        "line": 33,
                        "column": 37
                    },
                    "end": {
                        "line": 54,
                        "column": 3
                    }
                },
                "line": 33
            },
            "2": {
                "name": "(anonymous_2)",
                "decl": {
                    "start": {
                        "line": 70,
                        "column": 25
                    },
                    "end": {
                        "line": 70,
                        "column": 26
                    }
                },
                "loc": {
                    "start": {
                        "line": 70,
                        "column": 42
                    },
                    "end": {
                        "line": 74,
                        "column": 1
                    }
                },
                "line": 70
            },
            "3": {
                "name": "(anonymous_3)",
                "decl": {
                    "start": {
                        "line": 76,
                        "column": 37
                    },
                    "end": {
                        "line": 76,
                        "column": 38
                    }
                },
                "loc": {
                    "start": {
                        "line": 76,
                        "column": 47
                    },
                    "end": {
                        "line": 78,
                        "column": 1
                    }
                },
                "line": 76
            },
            "4": {
                "name": "(anonymous_4)",
                "decl": {
                    "start": {
                        "line": 80,
                        "column": 35
                    },
                    "end": {
                        "line": 80,
                        "column": 36
                    }
                },
                "loc": {
                    "start": {
                        "line": 80,
                        "column": 45
                    },
                    "end": {
                        "line": 82,
                        "column": 1
                    }
                },
                "line": 80
            },
            "5": {
                "name": "(anonymous_5)",
                "decl": {
                    "start": {
                        "line": 84,
                        "column": 30
                    },
                    "end": {
                        "line": 84,
                        "column": 31
                    }
                },
                "loc": {
                    "start": {
                        "line": 84,
                        "column": 47
                    },
                    "end": {
                        "line": 86,
                        "column": 1
                    }
                },
                "line": 84
            },
            "6": {
                "name": "(anonymous_6)",
                "decl": {
                    "start": {
                        "line": 88,
                        "column": 42
                    },
                    "end": {
                        "line": 88,
                        "column": 43
                    }
                },
                "loc": {
                    "start": {
                        "line": 88,
                        "column": 52
                    },
                    "end": {
                        "line": 90,
                        "column": 1
                    }
                },
                "line": 88
            },
            "7": {
                "name": "(anonymous_7)",
                "decl": {
                    "start": {
                        "line": 92,
                        "column": 26
                    },
                    "end": {
                        "line": 92,
                        "column": 27
                    }
                },
                "loc": {
                    "start": {
                        "line": 92,
                        "column": 43
                    },
                    "end": {
                        "line": 103,
                        "column": 1
                    }
                },
                "line": 92
            }
        },
        "branchMap": {
            "0": {
                "loc": {
                    "start": {
                        "line": 22,
                        "column": 2
                    },
                    "end": {
                        "line": 25,
                        "column": 3
                    }
                },
                "type": "if",
                "locations": [
                    {
                        "start": {
                            "line": 22,
                            "column": 2
                        },
                        "end": {
                            "line": 25,
                            "column": 3
                        }
                    },
                    {
                        "start": {
                            "line": 22,
                            "column": 2
                        },
                        "end": {
                            "line": 25,
                            "column": 3
                        }
                    }
                ],
                "line": 22
            },
            "1": {
                "loc": {
                    "start": {
                        "line": 27,
                        "column": 2
                    },
                    "end": {
                        "line": 31,
                        "column": 3
                    }
                },
                "type": "if",
                "locations": [
                    {
                        "start": {
                            "line": 27,
                            "column": 2
                        },
                        "end": {
                            "line": 31,
                            "column": 3
                        }
                    },
                    {
                        "start": {
                            "line": 27,
                            "column": 2
                        },
                        "end": {
                            "line": 31,
                            "column": 3
                        }
                    }
                ],
                "line": 27
            },
            "2": {
                "loc": {
                    "start": {
                        "line": 34,
                        "column": 4
                    },
                    "end": {
                        "line": 53,
                        "column": 5
                    }
                },
                "type": "if",
                "locations": [
                    {
                        "start": {
                            "line": 34,
                            "column": 4
                        },
                        "end": {
                            "line": 53,
                            "column": 5
                        }
                    },
                    {
                        "start": {
                            "line": 34,
                            "column": 4
                        },
                        "end": {
                            "line": 53,
                            "column": 5
                        }
                    }
                ],
                "line": 34
            },
            "3": {
                "loc": {
                    "start": {
                        "line": 38,
                        "column": 11
                    },
                    "end": {
                        "line": 53,
                        "column": 5
                    }
                },
                "type": "if",
                "locations": [
                    {
                        "start": {
                            "line": 38,
                            "column": 11
                        },
                        "end": {
                            "line": 53,
                            "column": 5
                        }
                    },
                    {
                        "start": {
                            "line": 38,
                            "column": 11
                        },
                        "end": {
                            "line": 53,
                            "column": 5
                        }
                    }
                ],
                "line": 38
            },
            "4": {
                "loc": {
                    "start": {
                        "line": 42,
                        "column": 11
                    },
                    "end": {
                        "line": 53,
                        "column": 5
                    }
                },
                "type": "if",
                "locations": [
                    {
                        "start": {
                            "line": 42,
                            "column": 11
                        },
                        "end": {
                            "line": 53,
                            "column": 5
                        }
                    },
                    {
                        "start": {
                            "line": 42,
                            "column": 11
                        },
                        "end": {
                            "line": 53,
                            "column": 5
                        }
                    }
                ],
                "line": 42
            },
            "5": {
                "loc": {
                    "start": {
                        "line": 45,
                        "column": 11
                    },
                    "end": {
                        "line": 53,
                        "column": 5
                    }
                },
                "type": "if",
                "locations": [
                    {
                        "start": {
                            "line": 45,
                            "column": 11
                        },
                        "end": {
                            "line": 53,
                            "column": 5
                        }
                    },
                    {
                        "start": {
                            "line": 45,
                            "column": 11
                        },
                        "end": {
                            "line": 53,
                            "column": 5
                        }
                    }
                ],
                "line": 45
            },
            "6": {
                "loc": {
                    "start": {
                        "line": 47,
                        "column": 11
                    },
                    "end": {
                        "line": 53,
                        "column": 5
                    }
                },
                "type": "if",
                "locations": [
                    {
                        "start": {
                            "line": 47,
                            "column": 11
                        },
                        "end": {
                            "line": 53,
                            "column": 5
                        }
                    },
                    {
                        "start": {
                            "line": 47,
                            "column": 11
                        },
                        "end": {
                            "line": 53,
                            "column": 5
                        }
                    }
                ],
                "line": 47
            },
            "7": {
                "loc": {
                    "start": {
                        "line": 50,
                        "column": 11
                    },
                    "end": {
                        "line": 53,
                        "column": 5
                    }
                },
                "type": "if",
                "locations": [
                    {
                        "start": {
                            "line": 50,
                            "column": 11
                        },
                        "end": {
                            "line": 53,
                            "column": 5
                        }
                    },
                    {
                        "start": {
                            "line": 50,
                            "column": 11
                        },
                        "end": {
                            "line": 53,
                            "column": 5
                        }
                    }
                ],
                "line": 50
            },
            "8": {
                "loc": {
                    "start": {
                        "line": 56,
                        "column": 2
                    },
                    "end": {
                        "line": 61,
                        "column": 3
                    }
                },
                "type": "if",
                "locations": [
                    {
                        "start": {
                            "line": 56,
                            "column": 2
                        },
                        "end": {
                            "line": 61,
                            "column": 3
                        }
                    },
                    {
                        "start": {
                            "line": 56,
                            "column": 2
                        },
                        "end": {
                            "line": 61,
                            "column": 3
                        }
                    }
                ],
                "line": 56
            },
            "9": {
                "loc": {
                    "start": {
                        "line": 63,
                        "column": 2
                    },
                    "end": {
                        "line": 65,
                        "column": 3
                    }
                },
                "type": "if",
                "locations": [
                    {
                        "start": {
                            "line": 63,
                            "column": 2
                        },
                        "end": {
                            "line": 65,
                            "column": 3
                        }
                    },
                    {
                        "start": {
                            "line": 63,
                            "column": 2
                        },
                        "end": {
                            "line": 65,
                            "column": 3
                        }
                    }
                ],
                "line": 63
            },
            "10": {
                "loc": {
                    "start": {
                        "line": 72,
                        "column": 4
                    },
                    "end": {
                        "line": 72,
                        "column": 78
                    }
                },
                "type": "binary-expr",
                "locations": [
                    {
                        "start": {
                            "line": 72,
                            "column": 4
                        },
                        "end": {
                            "line": 72,
                            "column": 24
                        }
                    },
                    {
                        "start": {
                            "line": 72,
                            "column": 28
                        },
                        "end": {
                            "line": 72,
                            "column": 39
                        }
                    },
                    {
                        "start": {
                            "line": 72,
                            "column": 43
                        },
                        "end": {
                            "line": 72,
                            "column": 78
                        }
                    }
                ],
                "line": 72
            },
            "11": {
                "loc": {
                    "start": {
                        "line": 85,
                        "column": 9
                    },
                    "end": {
                        "line": 85,
                        "column": 41
                    }
                },
                "type": "binary-expr",
                "locations": [
                    {
                        "start": {
                            "line": 85,
                            "column": 9
                        },
                        "end": {
                            "line": 85,
                            "column": 26
                        }
                    },
                    {
                        "start": {
                            "line": 85,
                            "column": 30
                        },
                        "end": {
                            "line": 85,
                            "column": 41
                        }
                    }
                ],
                "line": 85
            },
            "12": {
                "loc": {
                    "start": {
                        "line": 89,
                        "column": 9
                    },
                    "end": {
                        "line": 89,
                        "column": 61
                    }
                },
                "type": "binary-expr",
                "locations": [
                    {
                        "start": {
                            "line": 89,
                            "column": 9
                        },
                        "end": {
                            "line": 89,
                            "column": 30
                        }
                    },
                    {
                        "start": {
                            "line": 89,
                            "column": 34
                        },
                        "end": {
                            "line": 89,
                            "column": 61
                        }
                    }
                ],
                "line": 89
            },
            "13": {
                "loc": {
                    "start": {
                        "line": 94,
                        "column": 4
                    },
                    "end": {
                        "line": 101,
                        "column": 15
                    }
                },
                "type": "binary-expr",
                "locations": [
                    {
                        "start": {
                            "line": 94,
                            "column": 4
                        },
                        "end": {
                            "line": 94,
                            "column": 22
                        }
                    },
                    {
                        "start": {
                            "line": 95,
                            "column": 4
                        },
                        "end": {
                            "line": 95,
                            "column": 25
                        }
                    },
                    {
                        "start": {
                            "line": 96,
                            "column": 4
                        },
                        "end": {
                            "line": 96,
                            "column": 39
                        }
                    },
                    {
                        "start": {
                            "line": 97,
                            "column": 4
                        },
                        "end": {
                            "line": 97,
                            "column": 37
                        }
                    },
                    {
                        "start": {
                            "line": 98,
                            "column": 4
                        },
                        "end": {
                            "line": 98,
                            "column": 44
                        }
                    },
                    {
                        "start": {
                            "line": 99,
                            "column": 4
                        },
                        "end": {
                            "line": 99,
                            "column": 39
                        }
                    },
                    {
                        "start": {
                            "line": 100,
                            "column": 4
                        },
                        "end": {
                            "line": 100,
                            "column": 22
                        }
                    },
                    {
                        "start": {
                            "line": 101,
                            "column": 4
                        },
                        "end": {
                            "line": 101,
                            "column": 15
                        }
                    }
                ],
                "line": 94
            }
        },
        "s": {
            "0": 2,
            "1": 2,
            "2": 2,
            "3": 8,
            "4": 8,
            "5": 8,
            "6": 8,
            "7": 2,
            "8": 2,
            "9": 6,
            "10": 2,
            "11": 2,
            "12": 2,
            "13": 6,
            "14": 346,
            "15": 36,
            "16": 36,
            "17": 36,
            "18": 310,
            "19": 4,
            "20": 4,
            "21": 4,
            "22": 306,
            "23": 4,
            "24": 4,
            "25": 302,
            "26": 6,
            "27": 296,
            "28": 52,
            "29": 52,
            "30": 244,
            "31": 220,
            "32": 220,
            "33": 6,
            "34": 4,
            "35": 2,
            "36": 2,
            "37": 6,
            "38": 2,
            "39": 6,
            "40": 2,
            "41": 346,
            "42": 2,
            "43": 532,
            "44": 2,
            "45": 528,
            "46": 2,
            "47": 518,
            "48": 2,
            "49": 524,
            "50": 2,
            "51": 244,
            "52": 2
        },
        "f": {
            "0": 8,
            "1": 346,
            "2": 346,
            "3": 532,
            "4": 528,
            "5": 518,
            "6": 524,
            "7": 244
        },
        "b": {
            "0": [
                2,
                6
            ],
            "1": [
                2,
                4
            ],
            "2": [
                36,
                310
            ],
            "3": [
                4,
                306
            ],
            "4": [
                4,
                302
            ],
            "5": [
                6,
                296
            ],
            "6": [
                52,
                244
            ],
            "7": [
                220,
                24
            ],
            "8": [
                4,
                2
            ],
            "9": [
                2,
                4
            ],
            "10": [
                346,
                38,
                38
            ],
            "11": [
                518,
                52
            ],
            "12": [
                524,
                6
            ],
            "13": [
                244,
                224,
                222,
                222,
                222,
                222,
                222,
                222
            ]
        },
        "_coverageSchema": "1a1c01bbd47fc00a2c39e90264f33305004495a9",
        "hash": "377bce77bf13c6749365046b8490c2b7edc5b5bf"
    },
    "/Users/davisena/Projects/BB/mobile/js-to-markdown/src/constants/tags.js": {
        "path": "/Users/davisena/Projects/BB/mobile/js-to-markdown/src/constants/tags.js",
        "statementMap": {
            "0": {
                "start": {
                    "line": 1,
                    "column": 0
                },
                "end": {
                    "line": 6,
                    "column": 3
                }
            }
        },
        "fnMap": {},
        "branchMap": {},
        "s": {
            "0": 2
        },
        "f": {},
        "b": {},
        "_coverageSchema": "1a1c01bbd47fc00a2c39e90264f33305004495a9",
        "hash": "7bf1da6358230e6f164d62d47467e15b9d40c575"
    },
    "/Users/davisena/Projects/BB/mobile/js-to-markdown/src/utils/common.js": {
        "path": "/Users/davisena/Projects/BB/mobile/js-to-markdown/src/utils/common.js",
        "statementMap": {
            "0": {
                "start": {
                    "line": 1,
                    "column": 0
                },
                "end": {
                    "line": 5,
                    "column": 2
                }
            },
            "1": {
                "start": {
                    "line": 2,
                    "column": 13
                },
                "end": {
                    "line": 2,
                    "column": 39
                }
            },
            "2": {
                "start": {
                    "line": 4,
                    "column": 2
                },
                "end": {
                    "line": 4,
                    "column": 27
                }
            },
            "3": {
                "start": {
                    "line": 7,
                    "column": 0
                },
                "end": {
                    "line": 15,
                    "column": 2
                }
            },
            "4": {
                "start": {
                    "line": 8,
                    "column": 13
                },
                "end": {
                    "line": 8,
                    "column": 63
                }
            },
            "5": {
                "start": {
                    "line": 10,
                    "column": 2
                },
                "end": {
                    "line": 12,
                    "column": 3
                }
            },
            "6": {
                "start": {
                    "line": 11,
                    "column": 4
                },
                "end": {
                    "line": 11,
                    "column": 24
                }
            },
            "7": {
                "start": {
                    "line": 14,
                    "column": 2
                },
                "end": {
                    "line": 14,
                    "column": 14
                }
            }
        },
        "fnMap": {
            "0": {
                "name": "(anonymous_0)",
                "decl": {
                    "start": {
                        "line": 1,
                        "column": 30
                    },
                    "end": {
                        "line": 1,
                        "column": 31
                    }
                },
                "loc": {
                    "start": {
                        "line": 1,
                        "column": 36
                    },
                    "end": {
                        "line": 5,
                        "column": 1
                    }
                },
                "line": 1
            },
            "1": {
                "name": "(anonymous_1)",
                "decl": {
                    "start": {
                        "line": 7,
                        "column": 27
                    },
                    "end": {
                        "line": 7,
                        "column": 28
                    }
                },
                "loc": {
                    "start": {
                        "line": 7,
                        "column": 46
                    },
                    "end": {
                        "line": 15,
                        "column": 1
                    }
                },
                "line": 7
            }
        },
        "branchMap": {
            "0": {
                "loc": {
                    "start": {
                        "line": 10,
                        "column": 2
                    },
                    "end": {
                        "line": 12,
                        "column": 3
                    }
                },
                "type": "if",
                "locations": [
                    {
                        "start": {
                            "line": 10,
                            "column": 2
                        },
                        "end": {
                            "line": 12,
                            "column": 3
                        }
                    },
                    {
                        "start": {
                            "line": 10,
                            "column": 2
                        },
                        "end": {
                            "line": 12,
                            "column": 3
                        }
                    }
                ],
                "line": 10
            }
        },
        "s": {
            "0": 1,
            "1": 1,
            "2": 1,
            "3": 1,
            "4": 2,
            "5": 2,
            "6": 1,
            "7": 2
        },
        "f": {
            "0": 1,
            "1": 2
        },
        "b": {
            "0": [
                1,
                1
            ]
        },
        "_coverageSchema": "1a1c01bbd47fc00a2c39e90264f33305004495a9",
        "hash": "5f341b6828282b8c4376bef8013e0bdc27420dd7"
    },
    "/Users/davisena/Projects/BB/mobile/js-to-markdown/src/utils/configValidation.js": {
        "path": "/Users/davisena/Projects/BB/mobile/js-to-markdown/src/utils/configValidation.js",
        "statementMap": {
            "0": {
                "start": {
                    "line": 1,
                    "column": 11
                },
                "end": {
                    "line": 1,
                    "column": 24
                }
            },
            "1": {
                "start": {
                    "line": 2,
                    "column": 20
                },
                "end": {
                    "line": 2,
                    "column": 39
                }
            },
            "2": {
                "start": {
                    "line": 3,
                    "column": 0
                },
                "end": {
                    "line": 32,
                    "column": 2
                }
            },
            "3": {
                "start": {
                    "line": 4,
                    "column": 29
                },
                "end": {
                    "line": 4,
                    "column": 49
                }
            },
            "4": {
                "start": {
                    "line": 7,
                    "column": 2
                },
                "end": {
                    "line": 9,
                    "column": 3
                }
            },
            "5": {
                "start": {
                    "line": 8,
                    "column": 4
                },
                "end": {
                    "line": 8,
                    "column": 41
                }
            },
            "6": {
                "start": {
                    "line": 12,
                    "column": 2
                },
                "end": {
                    "line": 14,
                    "column": 3
                }
            },
            "7": {
                "start": {
                    "line": 13,
                    "column": 4
                },
                "end": {
                    "line": 13,
                    "column": 48
                }
            },
            "8": {
                "start": {
                    "line": 17,
                    "column": 2
                },
                "end": {
                    "line": 21,
                    "column": 3
                }
            },
            "9": {
                "start": {
                    "line": 20,
                    "column": 4
                },
                "end": {
                    "line": 20,
                    "column": 62
                }
            },
            "10": {
                "start": {
                    "line": 24,
                    "column": 2
                },
                "end": {
                    "line": 29,
                    "column": 3
                }
            },
            "11": {
                "start": {
                    "line": 28,
                    "column": 4
                },
                "end": {
                    "line": 28,
                    "column": 64
                }
            },
            "12": {
                "start": {
                    "line": 31,
                    "column": 2
                },
                "end": {
                    "line": 31,
                    "column": 28
                }
            },
            "13": {
                "start": {
                    "line": 34,
                    "column": 0
                },
                "end": {
                    "line": 56,
                    "column": 2
                }
            },
            "14": {
                "start": {
                    "line": 35,
                    "column": 2
                },
                "end": {
                    "line": 44,
                    "column": 3
                }
            },
            "15": {
                "start": {
                    "line": 40,
                    "column": 4
                },
                "end": {
                    "line": 42,
                    "column": 6
                }
            },
            "16": {
                "start": {
                    "line": 43,
                    "column": 4
                },
                "end": {
                    "line": 43,
                    "column": 17
                }
            },
            "17": {
                "start": {
                    "line": 45,
                    "column": 2
                },
                "end": {
                    "line": 54,
                    "column": 3
                }
            },
            "18": {
                "start": {
                    "line": 50,
                    "column": 4
                },
                "end": {
                    "line": 52,
                    "column": 6
                }
            },
            "19": {
                "start": {
                    "line": 53,
                    "column": 4
                },
                "end": {
                    "line": 53,
                    "column": 17
                }
            },
            "20": {
                "start": {
                    "line": 55,
                    "column": 2
                },
                "end": {
                    "line": 55,
                    "column": 14
                }
            }
        },
        "fnMap": {
            "0": {
                "name": "(anonymous_0)",
                "decl": {
                    "start": {
                        "line": 3,
                        "column": 34
                    },
                    "end": {
                        "line": 3,
                        "column": 35
                    }
                },
                "loc": {
                    "start": {
                        "line": 3,
                        "column": 53
                    },
                    "end": {
                        "line": 32,
                        "column": 1
                    }
                },
                "line": 3
            },
            "1": {
                "name": "(anonymous_1)",
                "decl": {
                    "start": {
                        "line": 34,
                        "column": 35
                    },
                    "end": {
                        "line": 34,
                        "column": 36
                    }
                },
                "loc": {
                    "start": {
                        "line": 34,
                        "column": 41
                    },
                    "end": {
                        "line": 56,
                        "column": 1
                    }
                },
                "line": 34
            }
        },
        "branchMap": {
            "0": {
                "loc": {
                    "start": {
                        "line": 7,
                        "column": 2
                    },
                    "end": {
                        "line": 9,
                        "column": 3
                    }
                },
                "type": "if",
                "locations": [
                    {
                        "start": {
                            "line": 7,
                            "column": 2
                        },
                        "end": {
                            "line": 9,
                            "column": 3
                        }
                    },
                    {
                        "start": {
                            "line": 7,
                            "column": 2
                        },
                        "end": {
                            "line": 9,
                            "column": 3
                        }
                    }
                ],
                "line": 7
            },
            "1": {
                "loc": {
                    "start": {
                        "line": 7,
                        "column": 6
                    },
                    "end": {
                        "line": 7,
                        "column": 71
                    }
                },
                "type": "binary-expr",
                "locations": [
                    {
                        "start": {
                            "line": 7,
                            "column": 6
                        },
                        "end": {
                            "line": 7,
                            "column": 24
                        }
                    },
                    {
                        "start": {
                            "line": 7,
                            "column": 28
                        },
                        "end": {
                            "line": 7,
                            "column": 71
                        }
                    }
                ],
                "line": 7
            },
            "2": {
                "loc": {
                    "start": {
                        "line": 12,
                        "column": 2
                    },
                    "end": {
                        "line": 14,
                        "column": 3
                    }
                },
                "type": "if",
                "locations": [
                    {
                        "start": {
                            "line": 12,
                            "column": 2
                        },
                        "end": {
                            "line": 14,
                            "column": 3
                        }
                    },
                    {
                        "start": {
                            "line": 12,
                            "column": 2
                        },
                        "end": {
                            "line": 14,
                            "column": 3
                        }
                    }
                ],
                "line": 12
            },
            "3": {
                "loc": {
                    "start": {
                        "line": 12,
                        "column": 6
                    },
                    "end": {
                        "line": 12,
                        "column": 77
                    }
                },
                "type": "binary-expr",
                "locations": [
                    {
                        "start": {
                            "line": 12,
                            "column": 6
                        },
                        "end": {
                            "line": 12,
                            "column": 24
                        }
                    },
                    {
                        "start": {
                            "line": 12,
                            "column": 28
                        },
                        "end": {
                            "line": 12,
                            "column": 77
                        }
                    }
                ],
                "line": 12
            },
            "4": {
                "loc": {
                    "start": {
                        "line": 17,
                        "column": 2
                    },
                    "end": {
                        "line": 21,
                        "column": 3
                    }
                },
                "type": "if",
                "locations": [
                    {
                        "start": {
                            "line": 17,
                            "column": 2
                        },
                        "end": {
                            "line": 21,
                            "column": 3
                        }
                    },
                    {
                        "start": {
                            "line": 17,
                            "column": 2
                        },
                        "end": {
                            "line": 21,
                            "column": 3
                        }
                    }
                ],
                "line": 17
            },
            "5": {
                "loc": {
                    "start": {
                        "line": 24,
                        "column": 2
                    },
                    "end": {
                        "line": 29,
                        "column": 3
                    }
                },
                "type": "if",
                "locations": [
                    {
                        "start": {
                            "line": 24,
                            "column": 2
                        },
                        "end": {
                            "line": 29,
                            "column": 3
                        }
                    },
                    {
                        "start": {
                            "line": 24,
                            "column": 2
                        },
                        "end": {
                            "line": 29,
                            "column": 3
                        }
                    }
                ],
                "line": 24
            },
            "6": {
                "loc": {
                    "start": {
                        "line": 35,
                        "column": 2
                    },
                    "end": {
                        "line": 44,
                        "column": 3
                    }
                },
                "type": "if",
                "locations": [
                    {
                        "start": {
                            "line": 35,
                            "column": 2
                        },
                        "end": {
                            "line": 44,
                            "column": 3
                        }
                    },
                    {
                        "start": {
                            "line": 35,
                            "column": 2
                        },
                        "end": {
                            "line": 44,
                            "column": 3
                        }
                    }
                ],
                "line": 35
            },
            "7": {
                "loc": {
                    "start": {
                        "line": 36,
                        "column": 4
                    },
                    "end": {
                        "line": 38,
                        "column": 45
                    }
                },
                "type": "binary-expr",
                "locations": [
                    {
                        "start": {
                            "line": 36,
                            "column": 4
                        },
                        "end": {
                            "line": 36,
                            "column": 30
                        }
                    },
                    {
                        "start": {
                            "line": 37,
                            "column": 4
                        },
                        "end": {
                            "line": 37,
                            "column": 36
                        }
                    },
                    {
                        "start": {
                            "line": 38,
                            "column": 4
                        },
                        "end": {
                            "line": 38,
                            "column": 45
                        }
                    }
                ],
                "line": 36
            },
            "8": {
                "loc": {
                    "start": {
                        "line": 45,
                        "column": 2
                    },
                    "end": {
                        "line": 54,
                        "column": 3
                    }
                },
                "type": "if",
                "locations": [
                    {
                        "start": {
                            "line": 45,
                            "column": 2
                        },
                        "end": {
                            "line": 54,
                            "column": 3
                        }
                    },
                    {
                        "start": {
                            "line": 45,
                            "column": 2
                        },
                        "end": {
                            "line": 54,
                            "column": 3
                        }
                    }
                ],
                "line": 45
            },
            "9": {
                "loc": {
                    "start": {
                        "line": 46,
                        "column": 4
                    },
                    "end": {
                        "line": 48,
                        "column": 46
                    }
                },
                "type": "binary-expr",
                "locations": [
                    {
                        "start": {
                            "line": 46,
                            "column": 4
                        },
                        "end": {
                            "line": 46,
                            "column": 31
                        }
                    },
                    {
                        "start": {
                            "line": 47,
                            "column": 4
                        },
                        "end": {
                            "line": 47,
                            "column": 37
                        }
                    },
                    {
                        "start": {
                            "line": 48,
                            "column": 4
                        },
                        "end": {
                            "line": 48,
                            "column": 46
                        }
                    }
                ],
                "line": 46
            }
        },
        "s": {
            "0": 1,
            "1": 1,
            "2": 1,
            "3": 2,
            "4": 2,
            "5": 1,
            "6": 2,
            "7": 1,
            "8": 2,
            "9": 1,
            "10": 2,
            "11": 1,
            "12": 2,
            "13": 1,
            "14": 3,
            "15": 1,
            "16": 1,
            "17": 2,
            "18": 1,
            "19": 1,
            "20": 1
        },
        "f": {
            "0": 2,
            "1": 3
        },
        "b": {
            "0": [
                1,
                1
            ],
            "1": [
                2,
                2
            ],
            "2": [
                1,
                1
            ],
            "3": [
                2,
                2
            ],
            "4": [
                1,
                1
            ],
            "5": [
                1,
                1
            ],
            "6": [
                1,
                2
            ],
            "7": [
                3,
                3,
                3
            ],
            "8": [
                1,
                1
            ],
            "9": [
                2,
                2,
                2
            ]
        },
        "_coverageSchema": "1a1c01bbd47fc00a2c39e90264f33305004495a9",
        "hash": "7545ae42714323af7ff36c694a2ee2c38491a033"
    },
    "/Users/davisena/Projects/BB/mobile/js-to-markdown/src/utils/mdParseLine.js": {
        "path": "/Users/davisena/Projects/BB/mobile/js-to-markdown/src/utils/mdParseLine.js",
        "statementMap": {
            "0": {
                "start": {
                    "line": 1,
                    "column": 0
                },
                "end": {
                    "line": 7,
                    "column": 2
                }
            },
            "1": {
                "start": {
                    "line": 2,
                    "column": 2
                },
                "end": {
                    "line": 6,
                    "column": 3
                }
            },
            "2": {
                "start": {
                    "line": 3,
                    "column": 4
                },
                "end": {
                    "line": 3,
                    "column": 29
                }
            },
            "3": {
                "start": {
                    "line": 5,
                    "column": 4
                },
                "end": {
                    "line": 5,
                    "column": 23
                }
[...]
                    },
                    "end": {
                        "line": 30,
                        "column": 3
                    }
                },
                "type": "if",
                "locations": [
                    {
                        "start": {
                            "line": 24,
                            "column": 2
                        },
                        "end": {
                            "line": 30,
                            "column": 3
                        }
                    },
                    {
                        "start": {
                            "line": 24,
                            "column": 2
                        },
                        "end": {
                            "line": 30,
                            "column": 3
                        }
                    }
                ],
                "line": 24
            },
            "2": {
                "loc": {
                    "start": {
                        "line": 26,
                        "column": 9
                    },
                    "end": {
                        "line": 30,
                        "column": 3
                    }
                },
                "type": "if",
                "locations": [
                    {
                        "start": {
                            "line": 26,
                            "column": 9
                        },
                        "end": {
                            "line": 30,
                            "column": 3
                        }
                    },
                    {
                        "start": {
                            "line": 26,
                            "column": 9
                        },
                        "end": {
                            "line": 30,
                            "column": 3
                        }
                    }
                ],
                "line": 26
            },
            "3": {
                "loc": {
                    "start": {
                        "line": 36,
                        "column": 2
                    },
                    "end": {
                        "line": 52,
                        "column": 3
                    }
                },
                "type": "if",
                "locations": [
                    {
                        "start": {
                            "line": 36,
                            "column": 2
                        },
                        "end": {
                            "line": 52,
                            "column": 3
                        }
                    },
                    {
                        "start": {
                            "line": 36,
                            "column": 2
                        },
                        "end": {
                            "line": 52,
                            "column": 3
                        }
                    }
                ],
                "line": 36
            },
            "4": {
                "loc": {
                    "start": {
                        "line": 37,
                        "column": 4
                    },
                    "end": {
                        "line": 43,
                        "column": 5
                    }
                },
                "type": "if",
                "locations": [
                    {
                        "start": {
                            "line": 37,
                            "column": 4
                        },
                        "end": {
                            "line": 43,
                            "column": 5
                        }
                    },
                    {
                        "start": {
                            "line": 37,
                            "column": 4
                        },
                        "end": {
                            "line": 43,
                            "column": 5
                        }
                    }
                ],
                "line": 37
            },
            "5": {
                "loc": {
                    "start": {
                        "line": 44,
                        "column": 9
                    },
                    "end": {
                        "line": 52,
                        "column": 3
                    }
                },
                "type": "if",
                "locations": [
                    {
                        "start": {
                            "line": 44,
                            "column": 9
                        },
                        "end": {
                            "line": 52,
                            "column": 3
                        }
                    },
                    {
                        "start": {
                            "line": 44,
                            "column": 9
                        },
                        "end": {
                            "line": 52,
                            "column": 3
                        }
                    }
                ],
                "line": 44
            },
            "6": {
                "loc": {
                    "start": {
                        "line": 45,
                        "column": 4
                    },
                    "end": {
                        "line": 51,
                        "column": 5
                    }
                },
                "type": "if",
                "locations": [
                    {
                        "start": {
                            "line": 45,
                            "column": 4
                        },
                        "end": {
                            "line": 51,
                            "column": 5
                        }
                    },
                    {
                        "start": {
                            "line": 45,
                            "column": 4
                        },
                        "end": {
                            "line": 51,
                            "column": 5
                        }
                    }
                ],
                "line": 45
            },
            "7": {
                "loc": {
                    "start": {
                        "line": 57,
                        "column": 2
                    },
                    "end": {
                        "line": 59,
                        "column": 3
                    }
                },
                "type": "if",
                "locations": [
                    {
                        "start": {
                            "line": 57,
                            "column": 2
                        },
                        "end": {
                            "line": 59,
                            "column": 3
                        }
                    },
                    {
                        "start": {
                            "line": 57,
                            "column": 2
                        },
                        "end": {
                            "line": 59,
                            "column": 3
                        }
                    }
                ],
                "line": 57
            },
            "8": {
                "loc": {
                    "start": {
                        "line": 61,
                        "column": 4
                    },
                    "end": {
                        "line": 61,
                        "column": 60
                    }
                },
                "type": "cond-expr",
                "locations": [
                    {
                        "start": {
                            "line": 61,
                            "column": 22
                        },
                        "end": {
                            "line": 61,
                            "column": 42
                        }
                    },
                    {
                        "start": {
                            "line": 61,
                            "column": 45
                        },
                        "end": {
                            "line": 61,
                            "column": 60
                        }
                    }
                ],
                "line": 61
            },
            "9": {
                "loc": {
                    "start": {
                        "line": 70,
                        "column": 2
                    },
                    "end": {
                        "line": 82,
                        "column": 3
                    }
                },
                "type": "if",
                "locations": [
                    {
                        "start": {
                            "line": 70,
                            "column": 2
                        },
                        "end": {
                            "line": 82,
                            "column": 3
                        }
                    },
                    {
                        "start": {
                            "line": 70,
                            "column": 2
                        },
                        "end": {
                            "line": 82,
                            "column": 3
                        }
                    }
                ],
                "line": 70
            },
            "10": {
                "loc": {
                    "start": {
                        "line": 73,
                        "column": 8
                    },
                    "end": {
                        "line": 73,
                        "column": 37
                    }
                },
                "type": "binary-expr",
                "locations": [
                    {
                        "start": {
                            "line": 73,
                            "column": 8
                        },
                        "end": {
                            "line": 73,
                            "column": 31
                        }
                    },
                    {
                        "start": {
                            "line": 73,
                            "column": 35
                        },
                        "end": {
                            "line": 73,
                            "column": 37
                        }
                    }
                ],
                "line": 73
            },
            "11": {
                "loc": {
                    "start": {
                        "line": 79,
                        "column": 8
                    },
                    "end": {
                        "line": 79,
                        "column": 37
                    }
                },
                "type": "binary-expr",
                "locations": [
                    {
                        "start": {
                            "line": 79,
                            "column": 8
                        },
                        "end": {
                            "line": 79,
                            "column": 31
                        }
                    },
                    {
                        "start": {
                            "line": 79,
                            "column": 35
                        },
                        "end": {
                            "line": 79,
                            "column": 37
                        }
                    }
                ],
                "line": 79
            },
            "12": {
                "loc": {
                    "start": {
                        "line": 86,
                        "column": 24
                    },
                    "end": {
                        "line": 88,
                        "column": 23
                    }
                },
                "type": "cond-expr",
                "locations": [
                    {
                        "start": {
                            "line": 87,
                            "column": 6
                        },
                        "end": {
                            "line": 87,
                            "column": 28
                        }
                    },
                    {
                        "start": {
                            "line": 88,
                            "column": 6
                        },
                        "end": {
                            "line": 88,
                            "column": 23
                        }
                    }
                ],
                "line": 86
            },
            "13": {
                "loc": {
                    "start": {
                        "line": 103,
                        "column": 4
                    },
                    "end": {
                        "line": 103,
                        "column": 60
                    }
                },
                "type": "cond-expr",
                "locations": [
                    {
                        "start": {
                            "line": 103,
                            "column": 22
                        },
                        "end": {
                            "line": 103,
                            "column": 42
                        }
                    },
                    {
                        "start": {
                            "line": 103,
                            "column": 45
                        },
                        "end": {
                            "line": 103,
                            "column": 60
                        }
                    }
                ],
                "line": 103
            },
            "14": {
                "loc": {
                    "start": {
                        "line": 105,
                        "column": 4
                    },
                    "end": {
                        "line": 105,
                        "column": 32
                    }
                },
                "type": "binary-expr",
                "locations": [
                    {
                        "start": {
                            "line": 105,
                            "column": 4
                        },
                        "end": {
                            "line": 105,
                            "column": 26
                        }
                    },
                    {
                        "start": {
                            "line": 105,
                            "column": 30
                        },
                        "end": {
                            "line": 105,
                            "column": 32
                        }
                    }
                ],
                "line": 105
            },
            "15": {
                "loc": {
                    "start": {
                        "line": 112,
                        "column": 2
                    },
                    "end": {
                        "line": 114,
                        "column": 3
                    }
                },
                "type": "if",
                "locations": [
                    {
                        "start": {
                            "line": 112,
                            "column": 2
                        },
                        "end": {
                            "line": 114,
                            "column": 3
                        }
                    },
                    {
                        "start": {
                            "line": 112,
                            "column": 2
                        },
                        "end": {
                            "line": 114,
                            "column": 3
                        }
                    }
                ],
                "line": 112
            },
            "16": {
                "loc": {
                    "start": {
                        "line": 112,
                        "column": 6
                    },
                    "end": {
                        "line": 112,
                        "column": 52
                    }
                },
                "type": "binary-expr",
                "locations": [
                    {
                        "start": {
                            "line": 112,
                            "column": 6
                        },
                        "end": {
                            "line": 112,
                            "column": 24
                        }
                    },
                    {
                        "start": {
                            "line": 112,
                            "column": 28
                        },
                        "end": {
                            "line": 112,
                            "column": 52
                        }
                    }
                ],
                "line": 112
            }
        },
        "s": {
            "0": 1,
            "1": 1,
            "2": 1,
            "3": 1,
            "4": 1,
            "5": 1,
            "6": 6,
            "7": 1,
            "8": 1,
            "9": 16,
            "10": 16,
            "11": 5,
            "12": 11,
            "13": 2,
            "14": 9,
            "15": 1,
            "16": 5,
            "17": 5,
            "18": 3,
            "19": 2,
            "20": 6,
            "21": 1,
            "22": 2,
            "23": 2,
            "24": 1,
            "25": 3,
            "26": 1,
            "27": 5,
            "28": 5,
            "29": 5,
            "30": 1,
            "31": 5,
            "32": 1,
            "33": 2,
            "34": 2,
            "35": 1,
            "36": 1,
            "37": 2,
            "38": 2,
            "39": 2,
            "40": 10,
            "41": 2,
            "42": 2,
            "43": 1,
            "44": 9,
            "45": 1,
            "46": 14,
            "47": 14,
            "48": 3,
            "49": 14
        },
        "f": {
            "0": 1,
            "1": 16,
            "2": 5,
            "3": 6,
            "4": 3,
            "5": 2,
            "6": 9,
            "7": 14
        },
        "b": {
            "0": [
                6,
                10
            ],
            "1": [
                5,
                11
            ],
            "2": [
                2,
                9
            ],
            "3": [
                3,
                2
            ],
            "4": [
                2,
                1
            ],
            "5": [
                2,
                0
            ],
            "6": [
                1,
                1
            ],
            "7": [
                1,
                4
            ],
            "8": [
                3,
                2
            ],
            "9": [
                1,
                1
            ],
            "10": [
                1,
                1
            ],
            "11": [
                1,
                0
            ],
            "12": [
                1,
                1
            ],
            "13": [
                2,
                7
            ],
            "14": [
                9,
                7
            ],
            "15": [
                3,
                11
            ],
            "16": [
                14,
                3
            ]
        },
        "_coverageSchema": "1a1c01bbd47fc00a2c39e90264f33305004495a9",
        "hash": "718d839b46314b104acb81e7382dcf0356a22c4c"
    }
}