TN:
SF:__tests__/mocks/mockFileWithCBAllTag.js
FNF:0
FNH:0
DA:2,2
DA:21,2
LF:2
LH:2
BRF:0
BRH:0
end_of_record
TN:
SF:__tests__/mocks/mockFileWithCBAllTagResult_JSMD.js
FNF:0
FNH:0
DA:1,1
DA:24,1
LF:2
LH:2
BRF:0
BRH:0
end_of_record
TN:
SF:__tests__/mocks/mockFileWithCBAllTagResult_MD.js
FNF:0
FNH:0
DA:1,1
DA:24,1
LF:2
LH:2
BRF:0
BRH:0
end_of_record
TN:
SF:__tests__/mocks/mockFileWithCBsTags.js
FNF:0
FNH:0
DA:2,2
DA:57,2
LF:2
LH:2
BRF:0
BRH:0
end_of_record
TN:
SF:__tests__/mocks/mockFileWithCBsTagsProptypes.js
FNF:0
FNH:0
DA:2,1
DA:76,1
LF:2
LH:2
BRF:0
BRH:0
end_of_record
TN:
SF:__tests__/mocks/mockFileWithCBsTagsResult_JSMD.js
FNF:0
FNH:0
DA:1,1
DA:36,1
LF:2
LH:2
BRF:0
BRH:0
end_of_record
TN:
SF:__tests__/mocks/mockFileWithCBsTagsResult_MD.js
FNF:0
FNH:0
DA:1,1
DA:36,1
LF:2
LH:2
BRF:0
BRH:0
end_of_record
TN:
SF:__tests__/mocks/mockFileWithIgnoreTag.js
FNF:0
FNH:0
DA:2,2
DA:21,2
LF:2
LH:2
BRF:0
BRH:0
end_of_record
TN:
SF:__tests__/mocks/mockFileWithoutTags.js
FNF:0
FNH:0
DA:2,2
DA:101,2
LF:2
LH:2
BRF:0
BRH:0
end_of_record
TN:
SF:__tests__/mocks/mockFileWithoutTagsResult_JSMD.js
FNF:0
FNH:0
DA:1,1
DA:103,1
LF:2
LH:2
BRF:0
BRH:0
end_of_record
TN:
SF:__tests__/mocks/mockFileWithoutTagsResult_MD.js
FNF:0
FNH:0
DA:1,1
DA:103,1
LF:2
LH:2
BRF:0
BRH:0
end_of_record
TN:
SF:__tests__/mocks/mockPropTypes.js
FNF:0
FNH:0
DA:1,1
DA:78,1
LF:2
LH:2
BRF:0
BRH:0
end_of_record
TN:
SF:__tests__/mocks/mockPropTypesResult.js
FNF:0
FNH:0
DA:1,1
DA:27,1
LF:2
LH:2
BRF:0
BRH:0
end_of_record
TN:
SF:src/filterFileWithTags.js
FN:4,(anonymous_0)
FN:33,(anonymous_1)
FN:70,(anonymous_2)
FN:76,(anonymous_3)
FN:80,(anonymous_4)
FN:84,(anonymous_5)
FN:88,(anonymous_6)
FN:92,(anonymous_7)
FNF:8
FNH:8
FNDA:8,(anonymous_0)
FNDA:346,(anonymous_1)
FNDA:346,(anonymous_2)
FNDA:532,(anonymous_3)
FNDA:528,(anonymous_4)
FNDA:518,(anonymous_5)
FNDA:524,(anonymous_6)
FNDA:244,(anonymous_7)
DA:1,2
DA:2,2
DA:4,2
DA:5,8
DA:12,8
DA:14,8
DA:22,8
DA:23,2
DA:24,2
DA:27,6
DA:28,2
DA:29,2
DA:30,2
DA:33,6
DA:34,346
DA:35,36
DA:36,36
DA:37,36
DA:38,310
DA:39,4
DA:40,4
DA:41,4
DA:42,306
DA:43,4
DA:44,4
DA:45,302
DA:46,6
DA:47,296
DA:48,52
DA:49,52
DA:50,244
DA:51,220
DA:52,220
DA:56,6
DA:57,4
DA:59,2
DA:60,2
DA:63,6
DA:64,2
DA:67,6
DA:70,2
DA:71,346
DA:76,2
DA:77,532
DA:80,2
DA:81,528
DA:84,2
DA:85,518
DA:88,2
DA:89,524
DA:92,2
DA:93,244
DA:105,2
LF:53
LH:53
BRDA:22,0,0,2
BRDA:22,0,1,6
BRDA:27,1,0,2
BRDA:27,1,1,4
BRDA:34,2,0,36
BRDA:34,2,1,310
BRDA:38,3,0,4
BRDA:38,3,1,306
BRDA:42,4,0,4
BRDA:42,4,1,302
BRDA:45,5,0,6
BRDA:45,5,1,296
BRDA:47,6,0,52
BRDA:47,6,1,244
BRDA:50,7,0,220
BRDA:50,7,1,24
BRDA:56,8,0,4
BRDA:56,8,1,2
BRDA:63,9,0,2
BRDA:63,9,1,4
BRDA:72,10,0,346
BRDA:72,10,1,38
BRDA:72,10,2,38
BRDA:85,11,0,518
BRDA:85,11,1,52
BRDA:89,12,0,524
BRDA:89,12,1,6
BRDA:94,13,0,244
BRDA:94,13,1,224
BRDA:94,13,2,222
BRDA:94,13,3,222
BRDA:94,13,4,222
BRDA:94,13,5,222
BRDA:94,13,6,222
BRDA:94,13,7,222
BRF:35
BRH:35
end_of_record
TN:
SF:src/constants/tags.js
FNF:0
FNH:0
DA:1,2
LF:1
LH:1
BRF:0
BRH:0
end_of_record
TN:
SF:src/utils/common.js
FN:1,(anonymous_0)
FN:7,(anonymous_1)
FNF:2
FNH:2
FNDA:1,(anonymous_0)
FNDA:2,(anonymous_1)
DA:1,1
DA:2,1
DA:4,1
DA:7,1
DA:8,2
DA:10,2
DA:11,1
DA:14,2
LF:8
LH:8
BRDA:10,0,0,1
BRDA:10,0,1,1
BRF:2
BRH:2
end_of_record
TN:
SF:src/utils/configValidation.js
FN:3,(anonymous_0)
FN:34,(anonymous_1)
FNF:2
FNH:2
FNDA:2,(anonymous_0)
FNDA:3,(anonymous_1)
DA:1,1
DA:2,1
DA:3,1
DA:4,2
DA:7,2
DA:8,1
DA:12,2
DA:13,1
DA:17,2
DA:20,1
DA:24,2
DA:28,1
DA:31,2
DA:34,1
DA:35,3
DA:40,1
DA:43,1
DA:45,2
DA:50,1
DA:53,1
DA:55,1
LF:21
LH:21
BRDA:7,0,0,1
BRDA:7,0,1,1
BRDA:7,1,0,2
BRDA:7,1,1,2
BRDA:12,2,0,1
BRDA:12,2,1,1
BRDA:12,3,0,2
BRDA:12,3,1,2
BRDA:17,4,0,1
BRDA:17,4,1,1
BRDA:24,5,0,1
BRDA:24,5,1,1
BRDA:35,6,0,1
BRDA:35,6,1,2
BRDA:36,7,0,3
BRDA:36,7,1,3
BRDA:36,7,2,3
BRDA:45,8,0,1
BRDA:45,8,1,1
BRDA:46,9,0,2
BRDA:46,9,1,2
BRDA:46,9,2,2
BRF:22
BRH:22
end_of_record
TN:
SF:src/utils/mdParseLine.js
FN:1,(anonymous_0)
FN:9,(anonymous_1)
FN:18,(anonymous_2)
FN:26,(anonymous_3)
FN:34,(anonymous_4)
FNF:5
FNH:5
FNDA:308,(anonymous_0)
FNDA:6,(anonymous_1)
FNDA:8,(anonymous_2)
FNDA:8,(anonymous_3)
FNDA:308,(anonymous_4)
DA:1,2
DA:2,308
DA:3,154
DA:5,154
DA:9,2
DA:10,6
DA:11,3
DA:13,3
DA:14,3
DA:18,2
DA:19,8
DA:20,4
DA:22,4
DA:26,2
DA:27,8
DA:28,4
DA:30,4
DA:34,2
DA:35,308
LF:19
LH:19
BRDA:2,0,0,154
BRDA:2,0,1,154
BRDA:10,1,0,3
BRDA:10,1,1,3
BRDA:19,2,0,4
BRDA:19,2,1,4
BRDA:27,3,0,4
BRDA:27,3,1,4
BRF:8
BRH:8
end_of_record
TN:
SF:src/utils/parsePropTypesToTable.js
FN:3,(anonymous_0)
FN:21,(anonymous_1)
FN:33,(anonymous_2)
FN:38,(anonymous_3)
FN:46,(anonymous_4)
FN:67,(anonymous_5)
FN:101,(anonymous_6)
FN:109,(anonymous_7)
FNF:8
FNH:8
FNDA:1,(anonymous_0)
FNDA:16,(anonymous_1)
FNDA:5,(anonymous_2)
FNDA:6,(anonymous_3)
FNDA:3,(anonymous_4)
FNDA:2,(anonymous_5)
FNDA:9,(anonymous_6)
FNDA:14,(anonymous_7)
DA:1,1
DA:3,1
DA:4,1
DA:7,1
DA:12,1
DA:14,1
DA:15,6
DA:18,1
DA:21,1
DA:22,16
DA:24,16
DA:25,5
DA:26,11
DA:27,2
DA:29,9
DA:33,1
DA:34,5
DA:36,5
DA:37,3
DA:38,2
DA:39,6
DA:42,1
DA:44,2
DA:45,2
DA:46,1
DA:47,3
DA:50,1
DA:54,5
DA:55,5
DA:57,5
DA:58,1
DA:60,5
DA:67,1
DA:68,2
DA:70,2
DA:71,1
DA:77,1
DA:84,2
DA:86,2
DA:90,2
DA:91,10
DA:96,2
DA:98,2
DA:101,1
DA:102,9
DA:109,1
DA:110,14
DA:112,14
DA:113,3
DA:116,14
LF:50
LH:50
BRDA:22,0,0,6
BRDA:22,0,1,10
BRDA:24,1,0,5
BRDA:24,1,1,11
BRDA:26,2,0,2
BRDA:26,2,1,9
BRDA:36,3,0,3
BRDA:36,3,1,2
BRDA:37,4,0,2
BRDA:37,4,1,1
BRDA:44,5,0,2
BRDA:44,5,1,0
BRDA:45,6,0,1
BRDA:45,6,1,1
BRDA:57,7,0,1
BRDA:57,7,1,4
BRDA:61,8,0,3
BRDA:61,8,1,2
BRDA:70,9,0,1
BRDA:70,9,1,1
BRDA:73,10,0,1
BRDA:73,10,1,1
BRDA:79,11,0,1
BRDA:79,11,1,0
BRDA:86,12,0,1
BRDA:86,12,1,1
BRDA:103,13,0,2
BRDA:103,13,1,7
BRDA:105,14,0,9
BRDA:105,14,1,7
BRDA:112,15,0,3
BRDA:112,15,1,11
BRDA:112,16,0,14
BRDA:112,16,1,3
BRF:34
BRH:32
end_of_record
